build/app/intermediates/manifest_merge_blame_file/debug/manifest-merger-blame-debug-report.txt
1<?xml version="1.0" encoding="utf-8"?>
2<manifest xmlns:android="http://schemas.android.com/apk/res/android"
3    package="com.example.portfolio"
4    android:versionCode="1"
5    android:versionName="1.0.0" >
6
7    <uses-sdk
8        android:minSdkVersion="21"
9        android:targetSdkVersion="33" />
10    <!--
11         The INTERNET permission is required for development. Specifically,
12         the Flutter tool needs it to communicate with the running application
13         to allow setting breakpoints, to provide hot reload, etc.
14    -->
15    <uses-permission android:name="android.permission.INTERNET" />
15-->src/main/AndroidManifest.xml:5:5-66
15-->src/main/AndroidManifest.xml:5:22-64
16    <uses-permission android:name="android.permission.REQUEST_INSTALL_PACKAGES" />
16-->src/main/AndroidManifest.xml:3:5-83
16-->src/main/AndroidManifest.xml:3:22-80
17    <uses-permission android:name="android.permission.WRITE_EXTERNAL_STORAGE" />
17-->src/main/AndroidManifest.xml:4:5-81
17-->src/main/AndroidManifest.xml:4:22-78
18
19    <queries>
19-->[:flutter_inappwebview] AndroidManifest.xml:9:5-13:15
20        <intent>
20-->[:flutter_inappwebview] AndroidManifest.xml:10:9-12:18
21            <action android:name="android.support.customtabs.action.CustomTabsService" />
21-->[:flutter_inappwebview] AndroidManifest.xml:11:13-90
21-->[:flutter_inappwebview] AndroidManifest.xml:11:21-87
22        </intent>
23        <intent>
23-->[:flutter_downloader] AndroidManifest.xml:11:9-13:18
24            <action android:name="android.intent.action.VIEW" />
24-->[:flutter_downloader] AndroidManifest.xml:12:13-65
24-->[:flutter_downloader] AndroidManifest.xml:12:21-62
25        </intent>
26    </queries>
27
28    <uses-permission android:name="android.permission.POST_NOTIFICATIONS" /> <!-- Although the *SdkVersion is captured in gradle build files, this is required for non gradle builds -->
28-->[:flutter_downloader] AndroidManifest.xml:16:5-77
28-->[:flutter_downloader] AndroidManifest.xml:16:22-74
29    <!-- <uses-sdk android:minSdkVersion="14"/> -->
30    <uses-permission android:name="android.permission.ACCESS_NETWORK_STATE" />
30-->[com.google.firebase:firebase-database:20.1.0] AndroidManifest.xml:24:5-79
30-->[com.google.firebase:firebase-database:20.1.0] AndroidManifest.xml:24:22-76
31    <uses-permission android:name="android.permission.WAKE_LOCK" />
31-->[com.google.android.gms:play-services-measurement-api:21.2.1] AndroidManifest.xml:24:5-68
31-->[com.google.android.gms:play-services-measurement-api:21.2.1] AndroidManifest.xml:24:22-65
32    <uses-permission android:name="com.google.android.gms.permission.AD_ID" />
32-->[com.google.android.gms:play-services-measurement-api:21.2.1] AndroidManifest.xml:25:5-79
32-->[com.google.android.gms:play-services-measurement-api:21.2.1] AndroidManifest.xml:25:22-76
33    <uses-permission android:name="com.google.android.finsky.permission.BIND_GET_INSTALL_REFERRER_SERVICE" />
33-->[com.google.android.gms:play-services-measurement:21.2.1] AndroidManifest.xml:26:5-110
33-->[com.google.android.gms:play-services-measurement:21.2.1] AndroidManifest.xml:26:22-107
34    <uses-permission android:name="android.permission.RECEIVE_BOOT_COMPLETED" />
34-->[androidx.work:work-runtime:2.7.1] AndroidManifest.xml:27:5-81
34-->[androidx.work:work-runtime:2.7.1] AndroidManifest.xml:27:22-78
35    <uses-permission android:name="android.permission.FOREGROUND_SERVICE" />
35-->[androidx.work:work-runtime:2.7.1] AndroidManifest.xml:28:5-77
35-->[androidx.work:work-runtime:2.7.1] AndroidManifest.xml:28:22-74
36
37    <permission
37-->[androidx.core:core:1.9.0] AndroidManifest.xml:22:5-24:47
38        android:name="com.example.portfolio.DYNAMIC_RECEIVER_NOT_EXPORTED_PERMISSION"
38-->[androidx.core:core:1.9.0] AndroidManifest.xml:23:9-81
39        android:protectionLevel="signature" />
39-->[androidx.core:core:1.9.0] AndroidManifest.xml:24:9-44
40
41    <uses-permission android:name="com.example.portfolio.DYNAMIC_RECEIVER_NOT_EXPORTED_PERMISSION" />
41-->[androidx.core:core:1.9.0] AndroidManifest.xml:26:5-97
41-->[androidx.core:core:1.9.0] AndroidManifest.xml:26:22-94
42
43    <application
44        android:name="android.app.Application"
45        android:appComponentFactory="androidx.core.app.CoreComponentFactory"
45-->[androidx.core:core:1.9.0] AndroidManifest.xml:28:18-86
46        android:debuggable="true"
47        android:icon="@mipmap/ic_launcher"
48        android:label="portfolio" >
49        <activity
50            android:name="com.example.portfolio.MainActivity"
51            android:configChanges="orientation|keyboardHidden|keyboard|screenSize|smallestScreenSize|locale|layoutDirection|fontScale|screenLayout|density|uiMode"
52            android:exported="true"
53            android:hardwareAccelerated="true"
54            android:launchMode="singleTop"
55            android:theme="@style/LaunchTheme"
56            android:windowSoftInputMode="adjustResize" >
57
58            <!--
59                 Specifies an Android theme to apply to this Activity as soon as
60                 the Android process has started. This theme is visible to the user
61                 while the Flutter UI initializes. After that, this theme continues
62                 to determine the Window background behind the Flutter UI.
63            -->
64            <meta-data
65                android:name="io.flutter.embedding.android.NormalTheme"
66                android:resource="@style/NormalTheme" />
67
68            <intent-filter>
69                <action android:name="android.intent.action.MAIN" />
70
71                <category android:name="android.intent.category.LAUNCHER" />
72            </intent-filter>
73        </activity>
74
75        <provider
76            android:name="vn.hunghd.flutterdownloader.DownloadedFileProvider"
77            android:authorities="com.example.portfolio.flutter_downloader.provider"
78            android:exported="false"
79            android:grantUriPermissions="true" >
80            <meta-data
81                android:name="android.support.FILE_PROVIDER_PATHS"
82                android:resource="@xml/provider_paths" />
83        </provider>
84
85        <meta-data
86            android:name="flutterEmbedding"
87            android:value="2" />
88
89        <service
89-->[:firebase_database] AndroidManifest.xml:10:9-14:19
90            android:name="com.google.firebase.components.ComponentDiscoveryService"
90-->[:firebase_database] AndroidManifest.xml:10:18-89
91            android:directBootAware="true"
91-->[com.google.firebase:firebase-common:20.3.2] AndroidManifest.xml:34:13-43
92            android:exported="false" >
92-->[com.google.firebase:firebase-analytics-ktx:21.2.1] AndroidManifest.xml:10:13-37
93            <meta-data
93-->[:firebase_database] AndroidManifest.xml:11:13-13:85
94                android:name="com.google.firebase.components:io.flutter.plugins.firebase.database.FlutterFirebaseAppRegistrar"
94-->[:firebase_database] AndroidManifest.xml:12:17-127
95                android:value="com.google.firebase.components.ComponentRegistrar" />
95-->[:firebase_database] AndroidManifest.xml:13:17-82
96            <meta-data
96-->[:firebase_core] AndroidManifest.xml:11:13-13:85
97                android:name="com.google.firebase.components:io.flutter.plugins.firebase.core.FlutterFirebaseCoreRegistrar"
97-->[:firebase_core] AndroidManifest.xml:12:17-124
98                android:value="com.google.firebase.components.ComponentRegistrar" />
98-->[:firebase_core] AndroidManifest.xml:13:17-82
99            <meta-data
99-->[com.google.firebase:firebase-analytics-ktx:21.2.1] AndroidManifest.xml:11:13-13:85
100                android:name="com.google.firebase.components:com.google.firebase.analytics.ktx.FirebaseAnalyticsKtxRegistrar"
100-->[com.google.firebase:firebase-analytics-ktx:21.2.1] AndroidManifest.xml:12:17-126
101                android:value="com.google.firebase.components.ComponentRegistrar" />
101-->[com.google.firebase:firebase-analytics-ktx:21.2.1] AndroidManifest.xml:13:17-82
102            <meta-data
102-->[com.google.firebase:firebase-common-ktx:20.3.2] AndroidManifest.xml:14:13-16:85
103                android:name="com.google.firebase.components:com.google.firebase.ktx.FirebaseCommonKtxRegistrar"
103-->[com.google.firebase:firebase-common-ktx:20.3.2] AndroidManifest.xml:15:17-113
104                android:value="com.google.firebase.components.ComponentRegistrar" />
104-->[com.google.firebase:firebase-common-ktx:20.3.2] AndroidManifest.xml:16:17-82
105            <meta-data
105-->[com.google.firebase:firebase-database:20.1.0] AndroidManifest.xml:31:13-33:85
106                android:name="com.google.firebase.components:com.google.firebase.database.DatabaseRegistrar"
106-->[com.google.firebase:firebase-database:20.1.0] AndroidManifest.xml:32:17-109
107                android:value="com.google.firebase.components.ComponentRegistrar" />
107-->[com.google.firebase:firebase-database:20.1.0] AndroidManifest.xml:33:17-82
108            <meta-data
108-->[com.google.android.gms:play-services-measurement-api:21.2.1] AndroidManifest.xml:31:13-33:85
109                android:name="com.google.firebase.components:com.google.firebase.analytics.connector.internal.AnalyticsConnectorRegistrar"
109-->[com.google.android.gms:play-services-measurement-api:21.2.1] AndroidManifest.xml:32:17-139
110                android:value="com.google.firebase.components.ComponentRegistrar" />
110-->[com.google.android.gms:play-services-measurement-api:21.2.1] AndroidManifest.xml:33:17-82
111            <meta-data
111-->[com.google.firebase:firebase-installations:17.1.3] AndroidManifest.xml:17:13-19:85
112                android:name="com.google.firebase.components:com.google.firebase.installations.FirebaseInstallationsRegistrar"
112-->[com.google.firebase:firebase-installations:17.1.3] AndroidManifest.xml:18:17-127
113                android:value="com.google.firebase.components.ComponentRegistrar" />
113-->[com.google.firebase:firebase-installations:17.1.3] AndroidManifest.xml:19:17-82
114        </service>
115
116        <activity
116-->[:flutter_inappwebview] AndroidManifest.xml:16:9-20:47
117            android:name="com.pichillilorenzo.flutter_inappwebview.in_app_browser.InAppBrowserActivity"
117-->[:flutter_inappwebview] AndroidManifest.xml:17:13-104
118            android:configChanges="orientation|keyboardHidden|keyboard|screenSize|locale|layoutDirection|fontScale|screenLayout|density"
118-->[:flutter_inappwebview] AndroidManifest.xml:18:13-137
119            android:exported="false"
119-->[:flutter_inappwebview] AndroidManifest.xml:19:13-37
120            android:theme="@style/AppTheme" />
120-->[:flutter_inappwebview] AndroidManifest.xml:20:13-44
121        <activity
121-->[:flutter_inappwebview] AndroidManifest.xml:21:9-24:55
122            android:name="com.pichillilorenzo.flutter_inappwebview.chrome_custom_tabs.ChromeCustomTabsActivity"
122-->[:flutter_inappwebview] AndroidManifest.xml:22:13-112
123            android:exported="false"
123-->[:flutter_inappwebview] AndroidManifest.xml:23:13-37
124            android:theme="@style/ThemeTransparent" />
124-->[:flutter_inappwebview] AndroidManifest.xml:24:13-52
125        <activity
125-->[:flutter_inappwebview] AndroidManifest.xml:25:9-28:55
126            android:name="com.pichillilorenzo.flutter_inappwebview.chrome_custom_tabs.TrustedWebActivity"
126-->[:flutter_inappwebview] AndroidManifest.xml:26:13-106
127            android:exported="false"
127-->[:flutter_inappwebview] AndroidManifest.xml:27:13-37
128            android:theme="@style/ThemeTransparent" />
128-->[:flutter_inappwebview] AndroidManifest.xml:28:13-52
129        <activity
129-->[:flutter_inappwebview] AndroidManifest.xml:29:9-33:55
130            android:name="com.pichillilorenzo.flutter_inappwebview.chrome_custom_tabs.ChromeCustomTabsActivitySingleInstance"
130-->[:flutter_inappwebview] AndroidManifest.xml:30:13-126
131            android:exported="false"
131-->[:flutter_inappwebview] AndroidManifest.xml:31:13-37
132            android:launchMode="singleInstance"
132-->[:flutter_inappwebview] AndroidManifest.xml:32:13-48
133            android:theme="@style/ThemeTransparent" />
133-->[:flutter_inappwebview] AndroidManifest.xml:33:13-52
134        <activity
134-->[:flutter_inappwebview] AndroidManifest.xml:34:9-38:55
135            android:name="com.pichillilorenzo.flutter_inappwebview.chrome_custom_tabs.TrustedWebActivitySingleInstance"
135-->[:flutter_inappwebview] AndroidManifest.xml:35:13-120
136            android:exported="false"
136-->[:flutter_inappwebview] AndroidManifest.xml:36:13-37
137            android:launchMode="singleInstance"
137-->[:flutter_inappwebview] AndroidManifest.xml:37:13-48
138            android:theme="@style/ThemeTransparent" />
138-->[:flutter_inappwebview] AndroidManifest.xml:38:13-52
139
140        <receiver
140-->[:flutter_inappwebview] AndroidManifest.xml:40:9-43:40
141            android:name="com.pichillilorenzo.flutter_inappwebview.chrome_custom_tabs.ActionBroadcastReceiver"
141-->[:flutter_inappwebview] AndroidManifest.xml:41:13-111
142            android:enabled="true"
142-->[:flutter_inappwebview] AndroidManifest.xml:42:13-35
143            android:exported="false" />
143-->[:flutter_inappwebview] AndroidManifest.xml:43:13-37
144
145        <meta-data
145-->[:flutter_inappwebview] AndroidManifest.xml:45:9-47:36
146            android:name="io.flutter.embedded_views_preview"
146-->[:flutter_inappwebview] AndroidManifest.xml:46:13-61
147            android:value="true" />
147-->[:flutter_inappwebview] AndroidManifest.xml:47:13-33
148
149        <uses-library
149-->[androidx.window:window:1.0.0-beta04] AndroidManifest.xml:25:9-27:40
150            android:name="androidx.window.extensions"
150-->[androidx.window:window:1.0.0-beta04] AndroidManifest.xml:26:13-54
151            android:required="false" />
151-->[androidx.window:window:1.0.0-beta04] AndroidManifest.xml:27:13-37
152        <uses-library
152-->[androidx.window:window:1.0.0-beta04] AndroidManifest.xml:28:9-30:40
153            android:name="androidx.window.sidecar"
153-->[androidx.window:window:1.0.0-beta04] AndroidManifest.xml:29:13-51
154            android:required="false" />
154-->[androidx.window:window:1.0.0-beta04] AndroidManifest.xml:30:13-37
155
156        <provider
156-->[com.google.firebase:firebase-common:20.3.2] AndroidManifest.xml:25:9-30:39
157            android:name="com.google.firebase.provider.FirebaseInitProvider"
157-->[com.google.firebase:firebase-common:20.3.2] AndroidManifest.xml:26:13-77
158            android:authorities="com.example.portfolio.firebaseinitprovider"
158-->[com.google.firebase:firebase-common:20.3.2] AndroidManifest.xml:27:13-72
159            android:directBootAware="true"
159-->[com.google.firebase:firebase-common:20.3.2] AndroidManifest.xml:28:13-43
160            android:exported="false"
160-->[com.google.firebase:firebase-common:20.3.2] AndroidManifest.xml:29:13-37
161            android:initOrder="100" />
161-->[com.google.firebase:firebase-common:20.3.2] AndroidManifest.xml:30:13-36
162
163        <activity
163-->[com.google.android.gms:play-services-base:18.0.1] AndroidManifest.xml:20:9-22:45
164            android:name="com.google.android.gms.common.api.GoogleApiActivity"
164-->[com.google.android.gms:play-services-base:18.0.1] AndroidManifest.xml:20:19-85
165            android:exported="false"
165-->[com.google.android.gms:play-services-base:18.0.1] AndroidManifest.xml:22:19-43
166            android:theme="@android:style/Theme.Translucent.NoTitleBar" />
166-->[com.google.android.gms:play-services-base:18.0.1] AndroidManifest.xml:21:19-78
167
168        <receiver
168-->[com.google.android.gms:play-services-measurement:21.2.1] AndroidManifest.xml:29:9-33:20
169            android:name="com.google.android.gms.measurement.AppMeasurementReceiver"
169-->[com.google.android.gms:play-services-measurement:21.2.1] AndroidManifest.xml:30:13-85
170            android:enabled="true"
170-->[com.google.android.gms:play-services-measurement:21.2.1] AndroidManifest.xml:31:13-35
171            android:exported="false" >
171-->[com.google.android.gms:play-services-measurement:21.2.1] AndroidManifest.xml:32:13-37
172        </receiver>
173
174        <service
174-->[com.google.android.gms:play-services-measurement:21.2.1] AndroidManifest.xml:35:9-38:40
175            android:name="com.google.android.gms.measurement.AppMeasurementService"
175-->[com.google.android.gms:play-services-measurement:21.2.1] AndroidManifest.xml:36:13-84
176            android:enabled="true"
176-->[com.google.android.gms:play-services-measurement:21.2.1] AndroidManifest.xml:37:13-35
177            android:exported="false" />
177-->[com.google.android.gms:play-services-measurement:21.2.1] AndroidManifest.xml:38:13-37
178        <service
178-->[com.google.android.gms:play-services-measurement:21.2.1] AndroidManifest.xml:39:9-43:72
179            android:name="com.google.android.gms.measurement.AppMeasurementJobService"
179-->[com.google.android.gms:play-services-measurement:21.2.1] AndroidManifest.xml:40:13-87
180            android:enabled="true"
180-->[com.google.android.gms:play-services-measurement:21.2.1] AndroidManifest.xml:41:13-35
181            android:exported="false"
181-->[com.google.android.gms:play-services-measurement:21.2.1] AndroidManifest.xml:42:13-37
182            android:permission="android.permission.BIND_JOB_SERVICE" />
182-->[com.google.android.gms:play-services-measurement:21.2.1] AndroidManifest.xml:43:13-69
183
184        <meta-data
184-->[com.google.android.gms:play-services-basement:18.1.0] AndroidManifest.xml:21:9-23:69
185            android:name="com.google.android.gms.version"
185-->[com.google.android.gms:play-services-basement:18.1.0] AndroidManifest.xml:22:13-58
186            android:value="@integer/google_play_services_version" />
186-->[com.google.android.gms:play-services-basement:18.1.0] AndroidManifest.xml:23:13-66
187
188        <provider
188-->[androidx.work:work-runtime:2.7.1] AndroidManifest.xml:31:9-39:20
189            android:name="androidx.startup.InitializationProvider"
189-->[androidx.work:work-runtime:2.7.1] AndroidManifest.xml:32:13-67
190            android:authorities="com.example.portfolio.androidx-startup"
190-->[androidx.work:work-runtime:2.7.1] AndroidManifest.xml:33:13-68
191            android:exported="false" >
191-->[androidx.work:work-runtime:2.7.1] AndroidManifest.xml:34:13-37
192            <meta-data
192-->[androidx.work:work-runtime:2.7.1] AndroidManifest.xml:36:13-38:52
193                android:name="androidx.work.WorkManagerInitializer"
193-->[androidx.work:work-runtime:2.7.1] AndroidManifest.xml:37:17-68
194                android:value="androidx.startup" />
194-->[androidx.work:work-runtime:2.7.1] AndroidManifest.xml:38:17-49
195            <meta-data
195-->[androidx.emoji2:emoji2:1.2.0] AndroidManifest.xml:29:13-31:52
196                android:name="androidx.emoji2.text.EmojiCompatInitializer"
196-->[androidx.emoji2:emoji2:1.2.0] AndroidManifest.xml:30:17-75
197                android:value="androidx.startup" />
197-->[androidx.emoji2:emoji2:1.2.0] AndroidManifest.xml:31:17-49
198            <meta-data
198-->[androidx.lifecycle:lifecycle-process:2.4.1] AndroidManifest.xml:31:13-33:52
199                android:name="androidx.lifecycle.ProcessLifecycleInitializer"
199-->[androidx.lifecycle:lifecycle-process:2.4.1] AndroidManifest.xml:32:17-78
200                android:value="androidx.startup" />
200-->[androidx.lifecycle:lifecycle-process:2.4.1] AndroidManifest.xml:33:17-49
201        </provider>
202
203        <service
203-->[androidx.work:work-runtime:2.7.1] AndroidManifest.xml:41:9-46:35
204            android:name="androidx.work.impl.background.systemalarm.SystemAlarmService"
204-->[androidx.work:work-runtime:2.7.1] AndroidManifest.xml:42:13-88
205            android:directBootAware="false"
205-->[androidx.work:work-runtime:2.7.1] AndroidManifest.xml:43:13-44
206            android:enabled="@bool/enable_system_alarm_service_default"
206-->[androidx.work:work-runtime:2.7.1] AndroidManifest.xml:44:13-72
207            android:exported="false" />
207-->[androidx.work:work-runtime:2.7.1] AndroidManifest.xml:45:13-37
208        <service
208-->[androidx.work:work-runtime:2.7.1] AndroidManifest.xml:47:9-53:35
209            android:name="androidx.work.impl.background.systemjob.SystemJobService"
209-->[androidx.work:work-runtime:2.7.1] AndroidManifest.xml:48:13-84
210            android:directBootAware="false"
210-->[androidx.work:work-runtime:2.7.1] AndroidManifest.xml:49:13-44
211            android:enabled="@bool/enable_system_job_service_default"
211-->[androidx.work:work-runtime:2.7.1] AndroidManifest.xml:50:13-70
212            android:exported="true"
212-->[androidx.work:work-runtime:2.7.1] AndroidManifest.xml:51:13-36
213            android:permission="android.permission.BIND_JOB_SERVICE" />
213-->[androidx.work:work-runtime:2.7.1] AndroidManifest.xml:52:13-69
214        <service
214-->[androidx.work:work-runtime:2.7.1] AndroidManifest.xml:54:9-59:35
215            android:name="androidx.work.impl.foreground.SystemForegroundService"
215-->[androidx.work:work-runtime:2.7.1] AndroidManifest.xml:55:13-81
216            android:directBootAware="false"
216-->[androidx.work:work-runtime:2.7.1] AndroidManifest.xml:56:13-44
217            android:enabled="@bool/enable_system_foreground_service_default"
217-->[androidx.work:work-runtime:2.7.1] AndroidManifest.xml:57:13-77
218            android:exported="false" />
218-->[androidx.work:work-runtime:2.7.1] AndroidManifest.xml:58:13-37
219
220        <receiver
220-->[androidx.work:work-runtime:2.7.1] AndroidManifest.xml:61:9-66:35
221            android:name="androidx.work.impl.utils.ForceStopRunnable$BroadcastReceiver"
221-->[androidx.work:work-runtime:2.7.1] AndroidManifest.xml:62:13-88
222            android:directBootAware="false"
222-->[androidx.work:work-runtime:2.7.1] AndroidManifest.xml:63:13-44
223            android:enabled="true"
223-->[androidx.work:work-runtime:2.7.1] AndroidManifest.xml:64:13-35
224            android:exported="false" />
224-->[androidx.work:work-runtime:2.7.1] AndroidManifest.xml:65:13-37
225        <receiver
225-->[androidx.work:work-runtime:2.7.1] AndroidManifest.xml:67:9-77:20
226            android:name="androidx.work.impl.background.systemalarm.ConstraintProxy$BatteryChargingProxy"
226-->[androidx.work:work-runtime:2.7.1] AndroidManifest.xml:68:13-106
227            android:directBootAware="false"
227-->[androidx.work:work-runtime:2.7.1] AndroidManifest.xml:69:13-44
228            android:enabled="false"
228-->[androidx.work:work-runtime:2.7.1] AndroidManifest.xml:70:13-36
229            android:exported="false" >
229-->[androidx.work:work-runtime:2.7.1] AndroidManifest.xml:71:13-37
230            <intent-filter>
230-->[androidx.work:work-runtime:2.7.1] AndroidManifest.xml:73:13-76:29
231                <action android:name="android.intent.action.ACTION_POWER_CONNECTED" />
231-->[androidx.work:work-runtime:2.7.1] AndroidManifest.xml:74:17-87
231-->[androidx.work:work-runtime:2.7.1] AndroidManifest.xml:74:25-84
232                <action android:name="android.intent.action.ACTION_POWER_DISCONNECTED" />
232-->[androidx.work:work-runtime:2.7.1] AndroidManifest.xml:75:17-90
232-->[androidx.work:work-runtime:2.7.1] AndroidManifest.xml:75:25-87
233            </intent-filter>
234        </receiver>
235        <receiver
235-->[androidx.work:work-runtime:2.7.1] AndroidManifest.xml:78:9-88:20
236            android:name="androidx.work.impl.background.systemalarm.ConstraintProxy$BatteryNotLowProxy"
236-->[androidx.work:work-runtime:2.7.1] AndroidManifest.xml:79:13-104
237            android:directBootAware="false"
237-->[androidx.work:work-runtime:2.7.1] AndroidManifest.xml:80:13-44
238            android:enabled="false"
238-->[androidx.work:work-runtime:2.7.1] AndroidManifest.xml:81:13-36
239            android:exported="false" >
239-->[androidx.work:work-runtime:2.7.1] AndroidManifest.xml:82:13-37
240            <intent-filter>
240-->[androidx.work:work-runtime:2.7.1] AndroidManifest.xml:84:13-87:29
241                <action android:name="android.intent.action.BATTERY_OKAY" />
241-->[androidx.work:work-runtime:2.7.1] AndroidManifest.xml:85:17-77
241-->[androidx.work:work-runtime:2.7.1] AndroidManifest.xml:85:25-74
242                <action android:name="android.intent.action.BATTERY_LOW" />
242-->[androidx.work:work-runtime:2.7.1] AndroidManifest.xml:86:17-76
242-->[androidx.work:work-runtime:2.7.1] AndroidManifest.xml:86:25-73
243            </intent-filter>
244        </receiver>
245        <receiver
245-->[androidx.work:work-runtime:2.7.1] AndroidManifest.xml:89:9-99:20
246            android:name="androidx.work.impl.background.systemalarm.ConstraintProxy$StorageNotLowProxy"
246-->[androidx.work:work-runtime:2.7.1] AndroidManifest.xml:90:13-104
247            android:directBootAware="false"
247-->[androidx.work:work-runtime:2.7.1] AndroidManifest.xml:91:13-44
248            android:enabled="false"
248-->[androidx.work:work-runtime:2.7.1] AndroidManifest.xml:92:13-36
249            android:exported="false" >
249-->[androidx.work:work-runtime:2.7.1] AndroidManifest.xml:93:13-37
250            <intent-filter>
250-->[androidx.work:work-runtime:2.7.1] AndroidManifest.xml:95:13-98:29
251                <action android:name="android.intent.action.DEVICE_STORAGE_LOW" />
251-->[androidx.work:work-runtime:2.7.1] AndroidManifest.xml:96:17-83
251-->[androidx.work:work-runtime:2.7.1] AndroidManifest.xml:96:25-80
252                <action android:name="android.intent.action.DEVICE_STORAGE_OK" />
252-->[androidx.work:work-runtime:2.7.1] AndroidManifest.xml:97:17-82
252-->[androidx.work:work-runtime:2.7.1] AndroidManifest.xml:97:25-79
253            </intent-filter>
254        </receiver>
255        <receiver
255-->[androidx.work:work-runtime:2.7.1] AndroidManifest.xml:100:9-109:20
256            android:name="androidx.work.impl.background.systemalarm.ConstraintProxy$NetworkStateProxy"
256-->[androidx.work:work-runtime:2.7.1] AndroidManifest.xml:101:13-103
257            android:directBootAware="false"
257-->[androidx.work:work-runtime:2.7.1] AndroidManifest.xml:102:13-44
258            android:enabled="false"
258-->[androidx.work:work-runtime:2.7.1] AndroidManifest.xml:103:13-36
259            android:exported="false" >
259-->[androidx.work:work-runtime:2.7.1] AndroidManifest.xml:104:13-37
260            <intent-filter>
260-->[androidx.work:work-runtime:2.7.1] AndroidManifest.xml:106:13-108:29
261                <action android:name="android.net.conn.CONNECTIVITY_CHANGE" />
261-->[androidx.work:work-runtime:2.7.1] AndroidManifest.xml:107:17-79
261-->[androidx.work:work-runtime:2.7.1] AndroidManifest.xml:107:25-76
262            </intent-filter>
263        </receiver>
264        <receiver
264-->[androidx.work:work-runtime:2.7.1] AndroidManifest.xml:110:9-121:20
265            android:name="androidx.work.impl.background.systemalarm.RescheduleReceiver"
265-->[androidx.work:work-runtime:2.7.1] AndroidManifest.xml:111:13-88
266            android:directBootAware="false"
266-->[androidx.work:work-runtime:2.7.1] AndroidManifest.xml:112:13-44
267            android:enabled="false"
267-->[androidx.work:work-runtime:2.7.1] AndroidManifest.xml:113:13-36
268            android:exported="false" >
268-->[androidx.work:work-runtime:2.7.1] AndroidManifest.xml:114:13-37
269            <intent-filter>
269-->[androidx.work:work-runtime:2.7.1] AndroidManifest.xml:116:13-120:29
270                <action android:name="android.intent.action.BOOT_COMPLETED" />
270-->[androidx.work:work-runtime:2.7.1] AndroidManifest.xml:117:17-79
270-->[androidx.work:work-runtime:2.7.1] AndroidManifest.xml:117:25-76
271                <action android:name="android.intent.action.TIME_SET" />
271-->[androidx.work:work-runtime:2.7.1] AndroidManifest.xml:118:17-73
271-->[androidx.work:work-runtime:2.7.1] AndroidManifest.xml:118:25-70
272                <action android:name="android.intent.action.TIMEZONE_CHANGED" />
272-->[androidx.work:work-runtime:2.7.1] AndroidManifest.xml:119:17-81
272-->[androidx.work:work-runtime:2.7.1] AndroidManifest.xml:119:25-78
273            </intent-filter>
274        </receiver>
275        <receiver
275-->[androidx.work:work-runtime:2.7.1] AndroidManifest.xml:122:9-131:20
276            android:name="androidx.work.impl.background.systemalarm.ConstraintProxyUpdateReceiver"
276-->[androidx.work:work-runtime:2.7.1] AndroidManifest.xml:123:13-99
277            android:directBootAware="false"
277-->[androidx.work:work-runtime:2.7.1] AndroidManifest.xml:124:13-44
278            android:enabled="@bool/enable_system_alarm_service_default"
278-->[androidx.work:work-runtime:2.7.1] AndroidManifest.xml:125:13-72
279            android:exported="false" >
279-->[androidx.work:work-runtime:2.7.1] AndroidManifest.xml:126:13-37
280            <intent-filter>
280-->[androidx.work:work-runtime:2.7.1] AndroidManifest.xml:128:13-130:29
281                <action android:name="androidx.work.impl.background.systemalarm.UpdateProxies" />
281-->[androidx.work:work-runtime:2.7.1] AndroidManifest.xml:129:17-98
281-->[androidx.work:work-runtime:2.7.1] AndroidManifest.xml:129:25-95
282            </intent-filter>
283        </receiver>
284        <receiver
284-->[androidx.work:work-runtime:2.7.1] AndroidManifest.xml:132:9-142:20
285            android:name="androidx.work.impl.diagnostics.DiagnosticsReceiver"
285-->[androidx.work:work-runtime:2.7.1] AndroidManifest.xml:133:13-78
286            android:directBootAware="false"
286-->[androidx.work:work-runtime:2.7.1] AndroidManifest.xml:134:13-44
287            android:enabled="true"
287-->[androidx.work:work-runtime:2.7.1] AndroidManifest.xml:135:13-35
288            android:exported="true"